<?xml version="1.0" encoding="UTF-8"?>
<!-- Generated by org.testng.reporters.JUnitXMLReporter -->
<testsuite ignored="0" hostname="Raashids-MacBook-Air.local" failures="0" tests="6" name="Default test" time="47.83" errors="0" timestamp="2023-09-11T10:52:14 EDT">
  <testcase classname="tests.LandingTest" name="playVid" time="0.469"/>
  <testcase classname="tests.LandingTest" name="ClickSignUpAndChangeCountry" time="1.354"/>
  <testcase classname="tests.LandingTest" name="SwipeRight" time="1.143"/>
  <testcase classname="tests.LandingTest" name="SwipeSecond" time="1.247"/>
  <testcase classname="tests.LandingTest" name="SwipeThird" time="1.004"/>
  <testcase classname="tests.LandingTest" name="GetTitle" time="0.544"/>
</testsuite> <!-- Default test -->
