<?xml version="1.0" encoding="UTF-8"?>
<!-- Generated by org.testng.reporters.JUnitXMLReporter -->
<testsuite ignored="0" hostname="Raashids-MacBook-Air.local" failures="0" tests="5" name="Default test" time="81.356" errors="0" timestamp="2023-09-08T21:13:50 EDT">
  <testcase classname="tests.NavSearchTest" name="SearchValuesOne" time="4.307"/>
  <testcase classname="tests.NavSearchTest" name="SearchValuesTwo" time="11.596"/>
  <testcase classname="tests.NavSearchTest" name="SearchValuesThree" time="9.595"/>
  <testcase classname="tests.NavSearchTest" name="SearchValuesFour" time="9.35"/>
  <testcase classname="tests.NavSearchTest" name="SearchValuesFive" time="11.247"/>
</testsuite> <!-- Default test -->
