<?xml version="1.0" encoding="UTF-8"?>
<!-- Generated by org.testng.reporters.JUnitXMLReporter -->
<testsuite ignored="0" hostname="Raashids-MacBook-Air.local" failures="1" tests="18" name="Test" time="237.888" errors="0" timestamp="2023-09-08T21:28:24 EDT">
  <testcase classname="tests.LandingTest" name="playVid" time="0.731"/>
  <testcase classname="tests.LandingTest" name="ClickSignUpAndChangeCountry" time="1.315"/>
  <testcase classname="tests.LandingTest" name="SwipeRight" time="1.139"/>
  <testcase classname="tests.LandingTest" name="SwipeSecond" time="1.159"/>
  <testcase classname="tests.LandingTest" name="SwipeThird" time="0.981"/>
  <testcase classname="tests.LandingTest" name="GetTitle" time="0.494"/>
  <testcase classname="tests.NavLoginTest" name="LoginWithError" time="5.718"/>
  <testcase classname="tests.NavLoginTest" name="GenFirstNameError" time="8.591"/>
  <testcase classname="tests.NavLoginTest" name="GenLastNameError" time="8.586"/>
  <testcase classname="tests.NavLoginTest" name="GenPasswordError" time="8.567"/>
  <testcase classname="tests.NavLoginTest" name="GenPredPasswordError" time="22.365">
    <failure type="org.openqa.selenium.NoSuchElementException" message="Unable to locate element: #InputIdentityFlowValue
For documentation on this error, please visit: https://www.selenium.dev/documentation/webdriver/troubleshooting/errors#no-such-element-exception
Build info: version: &amp;apos;4.10.0&amp;apos;, revision: &amp;apos;c14d967899&amp;apos;
System info: os.name: &amp;apos;Mac OS X&amp;apos;, os.arch: &amp;apos;x86_64&amp;apos;, os.version: &amp;apos;13.5&amp;apos;, java.version: &amp;apos;17.0.7&amp;apos;
Driver info: org.openqa.selenium.firefox.FirefoxDriver
Command: [be3ff72f-d46c-4f25-ae94-ad1ec6749258, findElement {using=id, value=InputIdentityFlowValue}]
Capabilities {acceptInsecureCerts: true, browserName: firefox, browserVersion: 115.0.3, moz:accessibilityChecks: false, moz:buildID: 20230726201356, moz:debuggerAddress: 127.0.0.1:44793, moz:geckodriverVersion: 0.33.0, moz:headless: false, moz:platformVersion: 22.6.0, moz:processID: 12103, moz:profile: /var/folders/y8/zjbdc8b17zl..., moz:shutdownTimeout: 60000, moz:useNonSpecCompliantPointerOrigin: false, moz:webdriverClick: true, moz:windowless: false, pageLoadStrategy: normal, platformName: mac, proxy: Proxy(), se:cdp: ws://127.0.0.1:44793/devtoo..., se:cdpVersion: 85.0, setWindowRect: true, strictFileInteractability: false, timeouts: {implicit: 0, pageLoad: 300000, script: 30000}, unhandledPromptBehavior: dismiss and notify}
Session ID: be3ff72f-d46c-4f25-ae94-ad1ec6749258">
      <![CDATA[org.openqa.selenium.NoSuchElementException: Unable to locate element: #InputIdentityFlowValue
For documentation on this error, please visit: https://www.selenium.dev/documentation/webdriver/troubleshooting/errors#no-such-element-exception
Build info: version: '4.10.0', revision: 'c14d967899'
System info: os.name: 'Mac OS X', os.arch: 'x86_64', os.version: '13.5', java.version: '17.0.7'
Driver info: org.openqa.selenium.firefox.FirefoxDriver
Command: [be3ff72f-d46c-4f25-ae94-ad1ec6749258, findElement {using=id, value=InputIdentityFlowValue}]
Capabilities {acceptInsecureCerts: true, browserName: firefox, browserVersion: 115.0.3, moz:accessibilityChecks: false, moz:buildID: 20230726201356, moz:debuggerAddress: 127.0.0.1:44793, moz:geckodriverVersion: 0.33.0, moz:headless: false, moz:platformVersion: 22.6.0, moz:processID: 12103, moz:profile: /var/folders/y8/zjbdc8b17zl..., moz:shutdownTimeout: 60000, moz:useNonSpecCompliantPointerOrigin: false, moz:webdriverClick: true, moz:windowless: false, pageLoadStrategy: normal, platformName: mac, proxy: Proxy(), se:cdp: ws://127.0.0.1:44793/devtoo..., se:cdpVersion: 85.0, setWindowRect: true, strictFileInteractability: false, timeouts: {implicit: 0, pageLoad: 300000, script: 30000}, unhandledPromptBehavior: dismiss and notify}
Session ID: be3ff72f-d46c-4f25-ae94-ad1ec6749258
at org.openqa.selenium.remote.codec.w3c.W3CHttpResponseCodec.createException(W3CHttpResponseCodec.java:199)
at org.openqa.selenium.remote.codec.w3c.W3CHttpResponseCodec.decode(W3CHttpResponseCodec.java:132)
at org.openqa.selenium.remote.codec.w3c.W3CHttpResponseCodec.decode(W3CHttpResponseCodec.java:51)
at org.openqa.selenium.remote.HttpCommandExecutor.execute(HttpCommandExecutor.java:191)
at org.openqa.selenium.remote.service.DriverCommandExecutor.invokeExecute(DriverCommandExecutor.java:196)
at org.openqa.selenium.remote.service.DriverCommandExecutor.execute(DriverCommandExecutor.java:171)
at org.openqa.selenium.remote.RemoteWebDriver.execute(RemoteWebDriver.java:531)
at org.openqa.selenium.remote.ElementLocation$ElementFinder$2.findElement(ElementLocation.java:165)
at org.openqa.selenium.remote.ElementLocation.findElement(ElementLocation.java:59)
at org.openqa.selenium.remote.RemoteWebDriver.findElement(RemoteWebDriver.java:350)
at org.openqa.selenium.remote.RemoteWebDriver.findElement(RemoteWebDriver.java:344)
at org.openqa.selenium.support.pagefactory.DefaultElementLocator.findElement(DefaultElementLocator.java:68)
at org.openqa.selenium.support.pagefactory.internal.LocatingElementHandler.invoke(LocatingElementHandler.java:38)
at jdk.proxy2/jdk.proxy2.$Proxy16.sendKeys(Unknown Source)
at pages.NavLoginPage.AddInputValueToEmail(NavLoginPage.java:68)
at pages.NavLoginPage.Login(NavLoginPage.java:83)
at tests.NavLoginTest.GenPredPasswordError(NavLoginTest.java:92)
at java.base/java.util.ArrayList.forEach(ArrayList.java:1511)
... Removed 32 stack frames]]>
    </failure>
  </testcase> <!-- GenPredPasswordError -->
  <testcase classname="tests.NavLoginTest" name="GenShortPasswordError" time="8.57"/>
  <testcase classname="tests.NavSearchTest" name="SearchValuesOne" time="6.316"/>
  <testcase classname="tests.NavSearchTest" name="SearchValuesTwo" time="11.423"/>
  <testcase classname="tests.NavSearchTest" name="SearchValuesThree" time="10.936"/>
  <testcase classname="tests.NavSearchTest" name="SearchValuesFour" time="9.362"/>
  <testcase classname="tests.NavSearchTest" name="SearchValuesFive" time="9.272"/>
  <testcase classname="tests.NavLetterTest" name="GetTitle" time="2.781"/>
</testsuite> <!-- Test -->
