<?xml version="1.0" encoding="UTF-8"?>
<testng-results ignored="0" total="6" passed="6" failed="0" skipped="0">
  <reporter-output>
  </reporter-output>
  <suite started-at="2023-09-11T10:51:26 EDT" name="Default suite" finished-at="2023-09-11T10:52:14 EDT" duration-ms="47830">
    <groups>
      <group name="GetTitles">
        <method signature="LandingTest.GetTitle()[pri:6, instance:tests.LandingTest@5f8edcc5]" name="GetTitle" class="tests.LandingTest"/>
      </group> <!-- GetTitles -->
    </groups>
    <test started-at="2023-09-11T10:51:26 EDT" name="Default test" finished-at="2023-09-11T10:52:14 EDT" duration-ms="47830">
      <class name="tests.LandingTest">
        <test-method is-config="true" signature="getBrowser()[pri:0, instance:tests.LandingTest@5f8edcc5]" started-at="2023-09-11T10:51:26 EDT" name="getBrowser" finished-at="2023-09-11T10:51:36 EDT" duration-ms="9556" status="PASS">
          <reporter-output>
          </reporter-output>
        </test-method> <!-- getBrowser -->
        <test-method signature="playVid()[pri:1, instance:tests.LandingTest@5f8edcc5]" started-at="2023-09-11T10:51:36 EDT" name="playVid" finished-at="2023-09-11T10:51:36 EDT" duration-ms="469" status="PASS">
          <reporter-output>
          </reporter-output>
        </test-method> <!-- playVid -->
        <test-method is-config="true" signature="tearDown()[pri:0, instance:tests.LandingTest@5f8edcc5]" started-at="2023-09-11T10:51:36 EDT" name="tearDown" finished-at="2023-09-11T10:51:37 EDT" duration-ms="744" status="PASS">
          <reporter-output>
          </reporter-output>
        </test-method> <!-- tearDown -->
        <test-method is-config="true" signature="getBrowser()[pri:0, instance:tests.LandingTest@5f8edcc5]" started-at="2023-09-11T10:51:37 EDT" name="getBrowser" finished-at="2023-09-11T10:51:43 EDT" duration-ms="5740" status="PASS">
          <reporter-output>
          </reporter-output>
        </test-method> <!-- getBrowser -->
        <test-method signature="ClickSignUpAndChangeCountry()[pri:2, instance:tests.LandingTest@5f8edcc5]" started-at="2023-09-11T10:51:43 EDT" name="ClickSignUpAndChangeCountry" finished-at="2023-09-11T10:51:44 EDT" duration-ms="1354" status="PASS">
          <reporter-output>
          </reporter-output>
        </test-method> <!-- ClickSignUpAndChangeCountry -->
        <test-method is-config="true" signature="tearDown()[pri:0, instance:tests.LandingTest@5f8edcc5]" started-at="2023-09-11T10:51:44 EDT" name="tearDown" finished-at="2023-09-11T10:51:45 EDT" duration-ms="649" status="PASS">
          <reporter-output>
          </reporter-output>
        </test-method> <!-- tearDown -->
        <test-method is-config="true" signature="getBrowser()[pri:0, instance:tests.LandingTest@5f8edcc5]" started-at="2023-09-11T10:51:45 EDT" name="getBrowser" finished-at="2023-09-11T10:51:51 EDT" duration-ms="5889" status="PASS">
          <reporter-output>
          </reporter-output>
        </test-method> <!-- getBrowser -->
        <test-method signature="SwipeRight()[pri:3, instance:tests.LandingTest@5f8edcc5]" started-at="2023-09-11T10:51:51 EDT" name="SwipeRight" finished-at="2023-09-11T10:51:52 EDT" duration-ms="1143" status="PASS">
          <reporter-output>
          </reporter-output>
        </test-method> <!-- SwipeRight -->
        <test-method is-config="true" signature="tearDown()[pri:0, instance:tests.LandingTest@5f8edcc5]" started-at="2023-09-11T10:51:52 EDT" name="tearDown" finished-at="2023-09-11T10:51:52 EDT" duration-ms="624" status="PASS">
          <reporter-output>
          </reporter-output>
        </test-method> <!-- tearDown -->
        <test-method is-config="true" signature="getBrowser()[pri:0, instance:tests.LandingTest@5f8edcc5]" started-at="2023-09-11T10:51:52 EDT" name="getBrowser" finished-at="2023-09-11T10:51:58 EDT" duration-ms="5805" status="PASS">
          <reporter-output>
          </reporter-output>
        </test-method> <!-- getBrowser -->
        <test-method signature="SwipeSecond()[pri:4, instance:tests.LandingTest@5f8edcc5]" started-at="2023-09-11T10:51:58 EDT" name="SwipeSecond" finished-at="2023-09-11T10:52:00 EDT" duration-ms="1247" status="PASS">
          <reporter-output>
          </reporter-output>
        </test-method> <!-- SwipeSecond -->
        <test-method is-config="true" signature="tearDown()[pri:0, instance:tests.LandingTest@5f8edcc5]" started-at="2023-09-11T10:52:00 EDT" name="tearDown" finished-at="2023-09-11T10:52:00 EDT" duration-ms="645" status="PASS">
          <reporter-output>
          </reporter-output>
        </test-method> <!-- tearDown -->
        <test-method is-config="true" signature="getBrowser()[pri:0, instance:tests.LandingTest@5f8edcc5]" started-at="2023-09-11T10:52:00 EDT" name="getBrowser" finished-at="2023-09-11T10:52:06 EDT" duration-ms="5420" status="PASS">
          <reporter-output>
          </reporter-output>
        </test-method> <!-- getBrowser -->
        <test-method signature="SwipeThird()[pri:5, instance:tests.LandingTest@5f8edcc5]" started-at="2023-09-11T10:52:06 EDT" name="SwipeThird" finished-at="2023-09-11T10:52:07 EDT" duration-ms="1004" status="PASS">
          <reporter-output>
          </reporter-output>
        </test-method> <!-- SwipeThird -->
        <test-method is-config="true" signature="tearDown()[pri:0, instance:tests.LandingTest@5f8edcc5]" started-at="2023-09-11T10:52:07 EDT" name="tearDown" finished-at="2023-09-11T10:52:07 EDT" duration-ms="637" status="PASS">
          <reporter-output>
          </reporter-output>
        </test-method> <!-- tearDown -->
        <test-method is-config="true" signature="getBrowser()[pri:0, instance:tests.LandingTest@5f8edcc5]" started-at="2023-09-11T10:52:07 EDT" name="getBrowser" finished-at="2023-09-11T10:52:13 EDT" duration-ms="5671" status="PASS">
          <reporter-output>
          </reporter-output>
        </test-method> <!-- getBrowser -->
        <test-method signature="GetTitle()[pri:6, instance:tests.LandingTest@5f8edcc5]" started-at="2023-09-11T10:52:13 EDT" name="GetTitle" finished-at="2023-09-11T10:52:13 EDT" duration-ms="544" status="PASS">
          <reporter-output>
          </reporter-output>
        </test-method> <!-- GetTitle -->
        <test-method is-config="true" signature="tearDown()[pri:0, instance:tests.LandingTest@5f8edcc5]" started-at="2023-09-11T10:52:13 EDT" name="tearDown" finished-at="2023-09-11T10:52:14 EDT" duration-ms="626" status="PASS">
          <reporter-output>
          </reporter-output>
        </test-method> <!-- tearDown -->
      </class> <!-- tests.LandingTest -->
    </test> <!-- Default test -->
  </suite> <!-- Default suite -->
</testng-results>
